Build started 21/04/2016 20:20:10.
     1>Project "C:\Users\antonio\Desktop\Amanda\UFMG\IC\Meu_OpprimoBot\SCProjects\MetaBot\MetaBot.vcxproj" on node 2 (Build target(s)).
     1>ClCompile:
         C:\Program Files (x86)\Microsoft Visual Studio 12.0\VC\bin\CL.exe /c /I../include /Zi /nologo /W3 /WX- /O2 /Oi /Oy- /GL /D NOMINMAX /D WIN32 /D NDEBUG /D _WINDOWS /D _USRDLL /D EXAMPLEAIMODULE_EXPORTS /D _WINDLL /Gm- /EHsc /MD /GS /Gy /fp:precise /Zc:wchar_t /Zc:forScope /Fo"Release\\" /Fd"Release\vc120.pdb" /Gd /TP /analyze- /errorReport:prompt Source\AIloop.cpp Source\Commander\TextParserStrategy.cpp Source\Commander\UnitSetup.cpp Source\Evaluators\MilitaryEvaluator.cpp Source\ParseUtils.cpp Source\Pathfinding\NavigationAgent.cpp Source\Pathfinding\PathObj.cpp
         AIloop.cpp
         TextParserStrategy.cpp
         UnitSetup.cpp
         MilitaryEvaluator.cpp
         ParseUtils.cpp
         NavigationAgent.cpp
         PathObj.cpp
       Link:
         C:\Program Files (x86)\Microsoft Visual Studio 12.0\VC\bin\link.exe /ERRORREPORT:PROMPT /OUT:"C:\Users\antonio\Desktop\Amanda\UFMG\IC\Meu_OpprimoBot\SCProjects\Release\MetaBot.dll" /INCREMENTAL:NO /NOLOGO ../lib/BWAPI.lib ../lib/BWTA.lib "../lib/libCGAL-vc120-mt-4.4.lib" "../lib/libboost_thread-vc120-mt-1_56.lib" "../lib/libboost_system-vc120-mt-1_56.lib" "../lib/libboost_filesystem-vc120-mt-1_56.lib" "../lib/libgmp-10.lib" "../lib/libmpfr-4.lib" kernel32.lib user32.lib gdi32.lib winspool.lib comdlg32.lib advapi32.lib shell32.lib ole32.lib oleaut32.lib uuid.lib odbc32.lib odbccp32.lib /MANIFEST /MANIFESTUAC:"level='asInvoker' uiAccess='false'" /manifest:embed /DEBUG /PDB:"C:\Users\antonio\Desktop\Amanda\UFMG\IC\Meu_OpprimoBot\SCProjects\Release\MetaBot.pdb" /SUBSYSTEM:WINDOWS /OPT:REF /OPT:ICF /LTCG /TLBID:1 /DYNAMICBASE /NXCOMPAT /IMPLIB:"Release\MetaBot.lib" /MACHINE:X86 /SAFESEH /DLL Release\AIloop.obj
         Release\Commander.obj
         Release\ExplorationSquad.obj
         Release\ProtossMain.obj
         Release\RushSquad.obj
         Release\Squad.obj
         Release\StrategySelector.obj
         Release\MarineRush.obj
         Release\OneRaxFE.obj
         Release\QuickBunkerFactory.obj
         Release\QuickFactoryMines.obj
         Release\TerranMain.obj
         Release\TextParserStrategy.obj
         Release\UnitSetup.obj
         Release\LurkerRush.obj
         Release\ZergMain.obj
         Release\Configuration.obj
         Release\MatchData.obj
         Release\Dll.obj
         Release\EconomyEvaluator.obj
         Release\MilitaryEvaluator.obj
         Release\MapManager.obj
         Release\JSONTools.obj
         Release\AgentFactory.obj
         Release\BaseAgent.obj
         Release\TargetingAgent.obj
         Release\WorkerAgent.obj
         Release\AgentManager.obj
         Release\BuildingPlacer.obj
         Release\BuildplanEntry.obj
         Release\Constructor.obj
         Release\ExplorationManager.obj
         Release\ResourceManager.obj
         Release\SpottedObject.obj
         Release\TechManager.obj
         Release\Upgrader.obj
         Release\MetaBot.obj
         Release\ParseUtils.obj
         Release\NavigationAgent.obj
         Release\Pathfinder.obj
         Release\PathObj.obj
         Release\PFFunctions.obj
         Release\NexusAgent.obj
         Release\RefineryAgent.obj
         Release\StructureAgent.obj
         Release\CommandCenterAgent.obj
         Release\ComsatAgent.obj
         Release\HatcheryAgent.obj
         Release\CarrierAgent.obj
         Release\CorsairAgent.obj
         Release\HighTemplarAgent.obj
         Release\ReaverAgent.obj
         Release\BattlecruiserAgent.obj
         Release\FirebatAgent.obj
         Release\GhostAgent.obj
         Release\MarineAgent.obj
         Release\MedicAgent.obj
         Release\ScienceVesselAgent.obj
         Release\SiegeTankAgent.obj
         Release\VultureAgent.obj
         Release\WraithAgent.obj
         Release\TransportAgent.obj
         Release\UnitAgent.obj
         Release\DefilerAgent.obj
         Release\HydraliskAgent.obj
         Release\LurkerAgent.obj
         Release\MutaliskAgent.obj
         Release\QueenAgent.obj
         Release\ColorString.obj
         Release\Config.obj
         Release\cthread.obj
         Release\FileReaderUtils.obj
         Release\Profiler.obj
         Release\ProfilerObj.obj
         Release\Statistics.obj
         Release\tinyxml2.obj
         Release\UnitString.obj
         Release\ThreeRaxFactory.obj
            Creating library Release\MetaBot.lib and object Release\MetaBot.exp
         Generating code
         Finished generating code
     1>BWAPI.lib(UnitType.obj) : warning LNK4099: PDB 'vc120.pdb' was not found with 'BWAPI.lib(UnitType.obj)' or at 'C:\Users\antonio\Desktop\Amanda\UFMG\IC\Meu_OpprimoBot\SCProjects\Release\vc120.pdb'; linking object as if no debug info
     1>BWAPI.lib(Game.obj) : warning LNK4099: PDB 'vc120.pdb' was not found with 'BWAPI.lib(Game.obj)' or at 'C:\Users\antonio\Desktop\Amanda\UFMG\IC\Meu_OpprimoBot\SCProjects\Release\vc120.pdb'; linking object as if no debug info
     1>BWAPI.lib(Color.obj) : warning LNK4099: PDB 'vc120.pdb' was not found with 'BWAPI.lib(Color.obj)' or at 'C:\Users\antonio\Desktop\Amanda\UFMG\IC\Meu_OpprimoBot\SCProjects\Release\vc120.pdb'; linking object as if no debug info
     1>BWAPI.lib(Race.obj) : warning LNK4099: PDB 'vc120.pdb' was not found with 'BWAPI.lib(Race.obj)' or at 'C:\Users\antonio\Desktop\Amanda\UFMG\IC\Meu_OpprimoBot\SCProjects\Release\vc120.pdb'; linking object as if no debug info
     1>BWAPI.lib(Position.obj) : warning LNK4099: PDB 'vc120.pdb' was not found with 'BWAPI.lib(Position.obj)' or at 'C:\Users\antonio\Desktop\Amanda\UFMG\IC\Meu_OpprimoBot\SCProjects\Release\vc120.pdb'; linking object as if no debug info
     1>BWAPI.lib(UpgradeType.obj) : warning LNK4099: PDB 'vc120.pdb' was not found with 'BWAPI.lib(UpgradeType.obj)' or at 'C:\Users\antonio\Desktop\Amanda\UFMG\IC\Meu_OpprimoBot\SCProjects\Release\vc120.pdb'; linking object as if no debug info
     1>BWAPI.lib(PositionUnit.obj) : warning LNK4099: PDB 'vc120.pdb' was not found with 'BWAPI.lib(PositionUnit.obj)' or at 'C:\Users\antonio\Desktop\Amanda\UFMG\IC\Meu_OpprimoBot\SCProjects\Release\vc120.pdb'; linking object as if no debug info
     1>BWAPI.lib(TechType.obj) : warning LNK4099: PDB 'vc120.pdb' was not found with 'BWAPI.lib(TechType.obj)' or at 'C:\Users\antonio\Desktop\Amanda\UFMG\IC\Meu_OpprimoBot\SCProjects\Release\vc120.pdb'; linking object as if no debug info
     1>BWAPI.lib(Unit.obj) : warning LNK4099: PDB 'vc120.pdb' was not found with 'BWAPI.lib(Unit.obj)' or at 'C:\Users\antonio\Desktop\Amanda\UFMG\IC\Meu_OpprimoBot\SCProjects\Release\vc120.pdb'; linking object as if no debug info
     1>BWAPI.lib(AIModule.obj) : warning LNK4099: PDB 'vc120.pdb' was not found with 'BWAPI.lib(AIModule.obj)' or at 'C:\Users\antonio\Desktop\Amanda\UFMG\IC\Meu_OpprimoBot\SCProjects\Release\vc120.pdb'; linking object as if no debug info
     1>BWAPI.lib(WeaponType.obj) : warning LNK4099: PDB 'vc120.pdb' was not found with 'BWAPI.lib(WeaponType.obj)' or at 'C:\Users\antonio\Desktop\Amanda\UFMG\IC\Meu_OpprimoBot\SCProjects\Release\vc120.pdb'; linking object as if no debug info
     1>BWAPI.lib(UnitSizeType.obj) : warning LNK4099: PDB 'vc120.pdb' was not found with 'BWAPI.lib(UnitSizeType.obj)' or at 'C:\Users\antonio\Desktop\Amanda\UFMG\IC\Meu_OpprimoBot\SCProjects\Release\vc120.pdb'; linking object as if no debug info
     1>BWAPI.lib(DamageType.obj) : warning LNK4099: PDB 'vc120.pdb' was not found with 'BWAPI.lib(DamageType.obj)' or at 'C:\Users\antonio\Desktop\Amanda\UFMG\IC\Meu_OpprimoBot\SCProjects\Release\vc120.pdb'; linking object as if no debug info
     1>BWAPI.lib(Unitset.obj) : warning LNK4099: PDB 'vc120.pdb' was not found with 'BWAPI.lib(Unitset.obj)' or at 'C:\Users\antonio\Desktop\Amanda\UFMG\IC\Meu_OpprimoBot\SCProjects\Release\vc120.pdb'; linking object as if no debug info
     1>BWAPI.lib(Error.obj) : warning LNK4099: PDB 'vc120.pdb' was not found with 'BWAPI.lib(Error.obj)' or at 'C:\Users\antonio\Desktop\Amanda\UFMG\IC\Meu_OpprimoBot\SCProjects\Release\vc120.pdb'; linking object as if no debug info
     1>BWAPI.lib(Filters.obj) : warning LNK4099: PDB 'vc120.pdb' was not found with 'BWAPI.lib(Filters.obj)' or at 'C:\Users\antonio\Desktop\Amanda\UFMG\IC\Meu_OpprimoBot\SCProjects\Release\vc120.pdb'; linking object as if no debug info
     1>BWAPI.lib(Player.obj) : warning LNK4099: PDB 'vc120.pdb' was not found with 'BWAPI.lib(Player.obj)' or at 'C:\Users\antonio\Desktop\Amanda\UFMG\IC\Meu_OpprimoBot\SCProjects\Release\vc120.pdb'; linking object as if no debug info
     1>BWAPI.lib(Order.obj) : warning LNK4099: PDB 'vc120.pdb' was not found with 'BWAPI.lib(Order.obj)' or at 'C:\Users\antonio\Desktop\Amanda\UFMG\IC\Meu_OpprimoBot\SCProjects\Release\vc120.pdb'; linking object as if no debug info
     1>BWAPI.lib(UnitCommand.obj) : warning LNK4099: PDB 'vc120.pdb' was not found with 'BWAPI.lib(UnitCommand.obj)' or at 'C:\Users\antonio\Desktop\Amanda\UFMG\IC\Meu_OpprimoBot\SCProjects\Release\vc120.pdb'; linking object as if no debug info
     1>BWAPI.lib(ExplosionType.obj) : warning LNK4099: PDB 'vc120.pdb' was not found with 'BWAPI.lib(ExplosionType.obj)' or at 'C:\Users\antonio\Desktop\Amanda\UFMG\IC\Meu_OpprimoBot\SCProjects\Release\vc120.pdb'; linking object as if no debug info
     1>BWAPI.lib(UnitCommandType.obj) : warning LNK4099: PDB 'vc120.pdb' was not found with 'BWAPI.lib(UnitCommandType.obj)' or at 'C:\Users\antonio\Desktop\Amanda\UFMG\IC\Meu_OpprimoBot\SCProjects\Release\vc120.pdb'; linking object as if no debug info
         MetaBot.vcxproj -> C:\Users\antonio\Desktop\Amanda\UFMG\IC\Meu_OpprimoBot\SCProjects\Release\MetaBot.dll
     1>Done Building Project "C:\Users\antonio\Desktop\Amanda\UFMG\IC\Meu_OpprimoBot\SCProjects\MetaBot\MetaBot.vcxproj" (Build target(s)).

Build succeeded.

Time Elapsed 00:00:24.64
